Build started 11.09.2013 14:50:47.
     1>Project "D:\vlas\DM\DM_lab1_4\DM_lab1_4\DM_lab1_4.vcxproj" on node 2 (build target(s)).
     1>InitializeBuildStatus:
         Touching "Debug\DM_lab1_4.unsuccessfulbuild".
       ClCompile:
         All outputs are up-to-date.
         C:\Program Files (x86)\Microsoft Visual Studio 10.0\VC\bin\CL.exe /c /ZI /nologo /W3 /WX- /Od /Oy- /D WIN32 /D _DEBUG /D _CONSOLE /D _UNICODE /D UNICODE /Gm /EHsc /RTC1 /MDd /GS /fp:precise /Zc:wchar_t /Zc:forScope /Yu"StdAfx.h" /Fp"Debug\DM_lab1_4.pch" /Fo"Debug\\" /Fd"Debug\vc100.pdb" /Gd /TP /analyze- /errorReport:prompt DM_lab1_4.cpp
         DM_lab1_4.cpp
       ManifestResourceCompile:
         All outputs are up-to-date.
       Link:
         C:\Program Files (x86)\Microsoft Visual Studio 10.0\VC\bin\link.exe /ERRORREPORT:PROMPT /OUT:"D:\vlas\DM\DM_lab1_4\Debug\DM_lab1_4.exe" /INCREMENTAL /NOLOGO kernel32.lib user32.lib gdi32.lib winspool.lib comdlg32.lib advapi32.lib shell32.lib ole32.lib oleaut32.lib uuid.lib odbc32.lib odbccp32.lib /MANIFEST /ManifestFile:"Debug\DM_lab1_4.exe.intermediate.manifest" /MANIFESTUAC:"level='asInvoker' uiAccess='false'" /DEBUG /PDB:"D:\vlas\DM\DM_lab1_4\Debug\DM_lab1_4.pdb" /SUBSYSTEM:CONSOLE /TLBID:1 /DYNAMICBASE /NXCOMPAT /IMPLIB:"D:\vlas\DM\DM_lab1_4\Debug\DM_lab1_4.lib" /MACHINE:X86 Debug\DM_lab1_4.exe.embed.manifest.res
         Debug\DM_lab1_4.obj
         Debug\stdafx.obj
       Manifest:
         C:\Program Files (x86)\Microsoft SDKs\Windows\v7.0A\bin\mt.exe /nologo /verbose /out:"Debug\DM_lab1_4.exe.embed.manifest" /manifest Debug\DM_lab1_4.exe.intermediate.manifest
         All outputs are up-to-date.
       LinkEmbedManifest:
         All outputs are up-to-date.
         DM_lab1_4.vcxproj -> D:\vlas\DM\DM_lab1_4\Debug\DM_lab1_4.exe
       FinalizeBuildStatus:
         Deleting file "Debug\DM_lab1_4.unsuccessfulbuild".
         Touching "Debug\DM_lab1_4.lastbuildstate".
     1>Done Building Project "D:\vlas\DM\DM_lab1_4\DM_lab1_4\DM_lab1_4.vcxproj" (build target(s)).

Build succeeded.

Time Elapsed 00:00:01.12
