Построение начато 27.09.2013 8:39:15.
     1>Проект "D:\Дурь\Дискретная математика\Лабораторные работы\DM\DM_lab2\DM_lab2\DM_lab2.vcxproj" в узле 2 (целевые объекты build).
     1>InitializeBuildStatus:
         Создание "Debug\DM_lab2.unsuccessfulbuild", так как было задано "AlwaysCreate".
       ClCompile:
         Для всех выходных данных обновления не требуется.
         C:\Program Files\Microsoft Visual Studio 10.0\VC\bin\CL.exe /c /ZI /nologo /W3 /WX- /Od /Oy- /D WIN32 /D _DEBUG /D _CONSOLE /D _UNICODE /D UNICODE /Gm /EHsc /RTC1 /MDd /GS /fp:precise /Zc:wchar_t /Zc:forScope /Yu"StdAfx.h" /Fp"Debug\DM_lab2.pch" /Fo"Debug\\" /Fd"Debug\vc100.pdb" /Gd /TP /analyze- /errorReport:prompt DM_lab2.cpp
         DM_lab2.cpp
       ManifestResourceCompile:
         Для всех выходных данных обновления не требуется.
       Link:
         C:\Program Files\Microsoft Visual Studio 10.0\VC\bin\link.exe /ERRORREPORT:PROMPT /OUT:"D:\Дурь\Дискретная математика\Лабораторные работы\DM\DM_lab2\Debug\DM_lab2.exe" /INCREMENTAL /NOLOGO kernel32.lib user32.lib gdi32.lib winspool.lib comdlg32.lib advapi32.lib shell32.lib ole32.lib oleaut32.lib uuid.lib odbc32.lib odbccp32.lib /MANIFEST /ManifestFile:"Debug\DM_lab2.exe.intermediate.manifest" /MANIFESTUAC:"level='asInvoker' uiAccess='false'" /DEBUG /PDB:"D:\Дурь\Дискретная математика\Лабораторные работы\DM\DM_lab2\Debug\DM_lab2.pdb" /SUBSYSTEM:CONSOLE /TLBID:1 /DYNAMICBASE /NXCOMPAT /IMPLIB:"D:\Дурь\Дискретная математика\Лабораторные работы\DM\DM_lab2\Debug\DM_lab2.lib" /MACHINE:X86 Debug\DM_lab2.exe.embed.manifest.res
         Debug\DM_lab2.obj
         Debug\stdafx.obj
       Manifest:
         C:\Program Files\Microsoft SDKs\Windows\v7.0A\bin\mt.exe /nologo /verbose /out:"Debug\DM_lab2.exe.embed.manifest" /manifest Debug\DM_lab2.exe.intermediate.manifest
         Для всех выходных данных обновления не требуется.
       LinkEmbedManifest:
         Для всех выходных данных обновления не требуется.
         DM_lab2.vcxproj -> D:\Дурь\Дискретная математика\Лабораторные работы\DM\DM_lab2\Debug\DM_lab2.exe
       FinalizeBuildStatus:
         Файл "Debug\DM_lab2.unsuccessfulbuild" удаляется.
         Обращение к "Debug\DM_lab2.lastbuildstate".
     1>Построение проекта "D:\Дурь\Дискретная математика\Лабораторные работы\DM\DM_lab2\DM_lab2\DM_lab2.vcxproj" завершено (целевые объекты build).

Построение успешно завершено.

Затраченное время: 00:00:01.56
